<?xml version="1.0" encoding="UTF-8"?>
<!-- Generated by org.testng.reporters.JUnitXMLReporter -->
<testsuite ignored="0" hostname="Meena" failures="0" tests="3" name="Test" time="193.799" errors="0" timestamp="2023-07-28T15:40:53 IST">
  <testcase classname="AustralianCustomer.Alivia" name="aliviatest" time="44.175"/>
  <testcase classname="AustralianCustomer.Tutudumonde" name="tutudumonde" time="67.539"/>
  <testcase classname="AustralianCustomer.Camilla" name="camillatest" time="81.928"/>
</testsuite> <!-- Test -->
